<?xml version="1.0" encoding="UTF-8"?>
<!-- Generated by org.testng.reporters.JUnitReportReporter -->
<testsuite hostname="CARMMJ2CSDC2" failures="0" tests="1" name="com.maximus.qicportaltestautomation.qic_zz_tests.PartDDrugTests" time="24.461" errors="0" timestamp="19 Aug 2019 23:31:41 GMT" skipped="0">
  <testcase classname="com.maximus.qicportaltestautomation.qic_zz_tests.PartDDrugTests" name="testSubmitOneCase" time="24.461"/>
</testsuite> <!-- com.maximus.qicportaltestautomation.qic_zz_tests.PartDDrugTests -->
