<?xml version="1.0" encoding="UTF-8"?>
<!-- Generated by org.testng.reporters.JUnitReportReporter -->
<testsuite hostname="CARMMJ2CSDC2" failures="0" tests="1" name="com.maximus.qicportaltestautomation.qic_zz_tests.MyAccountDataVerificationTests" time="0.840" errors="0" timestamp="05 Nov 2019 22:26:54 GMT" skipped="0">
  <testcase classname="com.maximus.qicportaltestautomation.qic_zz_tests.MyAccountDataVerificationTests" name="testQicAppealNumber" time="0.840"/>
</testsuite> <!-- com.maximus.qicportaltestautomation.qic_zz_tests.MyAccountDataVerificationTests -->
