<?xml version="1.0" encoding="UTF-8"?>
<!-- Generated by org.testng.reporters.JUnitReportReporter -->
<testsuite hostname="CARMMJ2CSDC2" failures="0" tests="2" name="com.maximus.qicportaltestautomation.qic_zz_tests.UserRolesTests" time="2.168" errors="0" timestamp="11 Jul 2019 21:56:58 GMT" skipped="0">
  <testcase classname="com.maximus.qicportaltestautomation.qic_zz_tests.UserRolesTests" name="testLoginLogout" time="1.416"/>
  <testcase classname="com.maximus.qicportaltestautomation.qic_zz_tests.UserRolesTests" name="testLoginAsOther" time="0.752"/>
</testsuite> <!-- com.maximus.qicportaltestautomation.qic_zz_tests.UserRolesTests -->
