<?xml version="1.0" encoding="UTF-8"?>
<!-- Generated by org.testng.reporters.JUnitReportReporter -->
<testsuite hostname="CARMMJ2CSDC2" failures="0" tests="17" name="com.maximus.qicportaltestautomation.qic_zz_tests.UploadAdditionalInfoGuiTests" time="1.012" errors="0" timestamp="31 Jan 2020 20:32:49 GMT" skipped="0">
  <testcase classname="com.maximus.qicportaltestautomation.qic_zz_tests.UploadAdditionalInfoGuiTests" name="testThirdRowVerification" time="0.061"/>
  <testcase classname="com.maximus.qicportaltestautomation.qic_zz_tests.UploadAdditionalInfoGuiTests" name="testSecondRow2SectionVerification" time="0.048"/>
  <testcase classname="com.maximus.qicportaltestautomation.qic_zz_tests.UploadAdditionalInfoGuiTests" name="testSecondSectionNameVerification" time="0.069"/>
  <testcase classname="com.maximus.qicportaltestautomation.qic_zz_tests.UploadAdditionalInfoGuiTests" name="testQicTempIdFieldNameVerification" time="0.044"/>
  <testcase classname="com.maximus.qicportaltestautomation.qic_zz_tests.UploadAdditionalInfoGuiTests" name="testFirstRow2SectionVerification" time="0.063"/>
  <testcase classname="com.maximus.qicportaltestautomation.qic_zz_tests.UploadAdditionalInfoGuiTests" name="testSecondRowDocumentUploadVerification" time="0.074"/>
  <testcase classname="com.maximus.qicportaltestautomation.qic_zz_tests.UploadAdditionalInfoGuiTests" name="testFourthSectionNameVerification" time="0.063"/>
  <testcase classname="com.maximus.qicportaltestautomation.qic_zz_tests.UploadAdditionalInfoGuiTests" name="testFirstRowVerification" time="0.049"/>
  <testcase classname="com.maximus.qicportaltestautomation.qic_zz_tests.UploadAdditionalInfoGuiTests" name="testThirdRow2SectionVerification" time="0.066"/>
  <testcase classname="com.maximus.qicportaltestautomation.qic_zz_tests.UploadAdditionalInfoGuiTests" name="testPageTitleVerification" time="0.052"/>
  <testcase classname="com.maximus.qicportaltestautomation.qic_zz_tests.UploadAdditionalInfoGuiTests" name="testQicProjectDropDownNameVerification" time="0.060"/>
  <testcase classname="com.maximus.qicportaltestautomation.qic_zz_tests.UploadAdditionalInfoGuiTests" name="testFirstSectionNameVerification" time="0.070"/>
  <testcase classname="com.maximus.qicportaltestautomation.qic_zz_tests.UploadAdditionalInfoGuiTests" name="testSecondRowVerification" time="0.055"/>
  <testcase classname="com.maximus.qicportaltestautomation.qic_zz_tests.UploadAdditionalInfoGuiTests" name="testThirdSectionNameVerification" time="0.064"/>
  <testcase classname="com.maximus.qicportaltestautomation.qic_zz_tests.UploadAdditionalInfoGuiTests" name="testFirstRowDocumentUploadVerification" time="0.049"/>
  <testcase classname="com.maximus.qicportaltestautomation.qic_zz_tests.UploadAdditionalInfoGuiTests" name="testQicAppealFieldNameVerification" time="0.043"/>
  <testcase classname="com.maximus.qicportaltestautomation.qic_zz_tests.UploadAdditionalInfoGuiTests" name="testBriefDescriptionFieldNameVerification" time="0.082"/>
</testsuite> <!-- com.maximus.qicportaltestautomation.qic_zz_tests.UploadAdditionalInfoGuiTests -->
